-------------------------------------------------------------------------------
Test set: TestSuite
-------------------------------------------------------------------------------
Tests run: 3, Failures: 1, Errors: 0, Skipped: 2, Time elapsed: 0.836 s <<< FAILURE! - in TestSuite
initialize(org.example.tests.SearchTest)  Time elapsed: 0.708 s  <<< FAILURE!
java.lang.NullPointerException

