<?xml version="1.0" encoding="UTF-8"?>
<!-- Generated by org.testng.reporters.JUnitXMLReporter -->
<testsuite ignored="0" hostname="DESKTOP-UAF0L72" failures="0" tests="1" name="PLAYER SEARCH TEST" time="0.047" errors="0" timestamp="2020-04-12T14:05:59 EDT">
  <testcase classname="org.example.utilities.TestBase" name="@BeforeMethod initialize" time="0.007">
    <failure type="java.lang.NullPointerException">
      <![CDATA[java.lang.NullPointerException
at org.example.utilities.TestBase.initialize(TestBase.java:21)
at java.base/java.util.ArrayList.forEach(ArrayList.java:1540)
... Removed 35 stack frames]]>
    </failure>
  </testcase> <!-- @BeforeMethod initialize -->
  <testcase classname="org.example.utilities.TestBase" name="@AfterMethod tearDown" time="-1.586714759945E9">
    <skipped/>
  </testcase> <!-- @AfterMethod tearDown -->
  <testcase classname="org.example.tests.SearchTest" name="playerSearchTest" time="0.0">
    <skipped/>
  </testcase> <!-- playerSearchTest -->
</testsuite> <!-- PLAYER SEARCH TEST -->
